{
  "RSpec": {
    "coverage": {
      "/home/white/white/ror/advertising_platform/config/environment.rb": [
        null,
        1,
        null,
        null,
        1
      ],
      "/home/white/white/ror/advertising_platform/config/application.rb": [
        1,
        null,
        1,
        null,
        null,
        null,
        1,
        null,
        1,
        1,
        null,
        null,
        null,
        null,
        null,
        null,
        null,
        null,
        null,
        null,
        null,
        1,
        1,
        1,
        1,
        null,
        null,
        null
      ],
      "/home/white/white/ror/advertising_platform/config/boot.rb": [
        null,
        1,
        null,
        1
      ],
      "/home/white/white/ror/advertising_platform/config/environments/test.rb": [
        1,
        null,
        null,
        null,
        null,
        null,
        null,
        1,
        null,
        null,
        null,
        null,
        1,
        null,
        null,
        1,
        1,
        null,
        null,
        1,
        1,
        null,
        null,
        1,
        null,
        null,
        1,
        null,
        null,
        null,
        null,
        1,
        null,
        null,
        1,
        null
      ],
      "/home/white/white/ror/advertising_platform/config/initializers/backtrace_silencers.rb": [
        null,
        null,
        null,
        null,
        null,
        null,
        null
      ],
      "/home/white/white/ror/advertising_platform/config/initializers/filter_parameter_logging.rb": [
        null,
        null,
        null,
        1
      ],
      "/home/white/white/ror/advertising_platform/config/initializers/inflections.rb": [
        null,
        null,
        null,
        null,
        null,
        null,
        null,
        null,
        null,
        null,
        null,
        null,
        null,
        null,
        null,
        null
      ],
      "/home/white/white/ror/advertising_platform/config/initializers/mime_types.rb": [
        null,
        null,
        null,
        null,
        null
      ],
      "/home/white/white/ror/advertising_platform/config/initializers/rabl_init.rb": [
        1,
        1,
        null,
        null,
        null,
        null,
        null,
        null,
        null,
        null,
        null,
        null,
        1,
        null,
        null,
        null,
        null,
        null,
        1,
        null,
        null,
        null,
        null,
        null,
        null,
        null,
        null
      ],
      "/home/white/white/ror/advertising_platform/config/initializers/secret_token.rb": [
        null,
        null,
        null,
        null,
        null,
        null,
        null,
        null,
        null,
        null,
        null,
        1
      ],
      "/home/white/white/ror/advertising_platform/config/initializers/session_store.rb": [
        null,
        null,
        1
      ],
      "/home/white/white/ror/advertising_platform/config/initializers/wrap_parameters.rb": [
        null,
        null,
        null,
        null,
        null,
        null,
        1,
        1,
        null,
        null,
        null,
        null,
        null,
        null
      ],
      "/home/white/white/ror/advertising_platform/spec/factories/campaigns.rb": [
        1,
        1,
        60,
        1,
        null,
        null
      ],
      "/home/white/white/ror/advertising_platform/config/routes.rb": [
        1,
        1,
        1,
        1,
        1,
        1,
        null,
        null
      ],
      "/home/white/white/ror/advertising_platform/app/helpers/application_helper.rb": [
        1,
        null
      ],
      "/home/white/white/ror/advertising_platform/app/helpers/campaigns_helper.rb": [
        1,
        null
      ],
      "/home/white/white/ror/advertising_platform/app/controllers/campaigns_controller.rb": [
        1,
        null,
        1,
        null,
        1,
        2,
        null,
        null,
        1,
        2,
        null,
        null,
        1,
        4,
        4,
        2,
        null,
        2,
        null,
        null,
        null,
        1,
        3,
        3,
        1,
        null,
        null,
        null,
        1,
        2,
        0,
        null,
        null,
        null,
        1,
        1,
        1,
        null,
        null,
        1,
        1,
        1,
        null,
        null,
        1,
        null,
        1,
        4,
        null,
        null
      ],
      "/home/white/white/ror/advertising_platform/app/controllers/application_controller.rb": [
        1,
        null,
        null,
        1,
        null
      ],
      "/home/white/white/ror/advertising_platform/spec/helpers/campaigns_helper_spec.rb": [
        1,
        null,
        null,
        null,
        null,
        null,
        null,
        null,
        null,
        null,
        null,
        null,
        1,
        1,
        null
      ],
      "/home/white/white/ror/advertising_platform/spec/models/campaign_spec.rb": [
        1,
        null,
        1,
        1,
        null
      ],
      "/home/white/white/ror/advertising_platform/app/models/campaign.rb": [
        1,
        1,
        1,
        null,
        1,
        null,
        1,
        0,
        null,
        null
      ],
      "/home/white/white/ror/advertising_platform/app/workers/counter_worker.rb": [
        1,
        1,
        null,
        1,
        2,
        2,
        2,
        null,
        null
      ]
    },
    "timestamp": 1401053102
  }
}
